2019-07-27 09:10:06.812 ERROR 18664 --- [restartedMain] o.s.b.c.l.LoggingApplicationListener     : Cannot set level: INFO   for 'null'
2019-07-27 09:10:06.815 ERROR 18664 --- [restartedMain] o.s.b.c.l.LoggingApplicationListener     : Cannot set level: INFO   for 'org.springframework.web'
2019-07-27 09:10:06.815 ERROR 18664 --- [restartedMain] o.s.b.c.l.LoggingApplicationListener     : Cannot set level: INFO   for 'org.hibernate'
2019-07-27 09:10:06.837  INFO 18664 --- [restartedMain] com.dchip.cloudparking.RibbonBoot        : No active profile set, falling back to default profiles: default
2019-07-27 09:10:06.856  INFO 18664 --- [restartedMain] ConfigServletWebServerApplicationContext : Refreshing org.springframework.boot.web.servlet.context.AnnotationConfigServletWebServerApplicationContext@59c6cd1c: startup date [Sat Jul 27 09:10:06 CST 2019]; parent: org.springframework.context.annotation.AnnotationConfigApplicationContext@462f3a0a
2019-07-27 09:10:08.197  INFO 18664 --- [restartedMain] o.s.cloud.context.scope.GenericScope     : BeanFactory id=6dcd0275-fbbf-3a67-90fc-2fa7a9390261
2019-07-27 09:10:08.205  INFO 18664 --- [restartedMain] f.a.AutowiredAnnotationBeanPostProcessor : JSR-330 'javax.inject.Inject' annotation found and supported for autowiring
2019-07-27 09:10:08.323  INFO 18664 --- [restartedMain] trationDelegate$BeanPostProcessorChecker : Bean 'org.springframework.cloud.autoconfigure.ConfigurationPropertiesRebinderAutoConfiguration' of type [org.springframework.cloud.autoconfigure.ConfigurationPropertiesRebinderAutoConfiguration$$EnhancerBySpringCGLIB$$5ce3d5b2] is not eligible for getting processed by all BeanPostProcessors (for example: not eligible for auto-proxying)
2019-07-27 09:10:09.242  INFO 18664 --- [restartedMain] o.s.b.w.embedded.tomcat.TomcatWebServer  : Tomcat initialized with port(s): 80 (http)
2019-07-27 09:10:09.279  INFO 18664 --- [restartedMain] o.apache.catalina.core.StandardService   : Starting service [Tomcat]
2019-07-27 09:10:09.280  INFO 18664 --- [restartedMain] org.apache.catalina.core.StandardEngine  : Starting Servlet Engine: Apache Tomcat/8.5.34
2019-07-27 09:10:09.292  INFO 18664 --- [localhost-startStop-1] o.a.catalina.core.AprLifecycleListener   : The APR based Apache Tomcat Native library which allows optimal performance in production environments was not found on the java.library.path: [C:\Program Files\Java\jdk1.8.0_131\bin;C:\WINDOWS\Sun\Java\bin;C:\WINDOWS\system32;C:\WINDOWS;D:\application\xshell\;C:\ProgramData\Oracle\Java\javapath;C:\Program Files (x86)\Intel\iCLS Client\;C:\Program Files\Intel\iCLS Client\;C:\Windows\system32;C:\Windows;C:\Windows\System32\Wbem;C:\Windows\System32\WindowsPowerShell\v1.0\;C:\Program Files (x86)\Intel\Intel(R) Management Engine Components\DAL;C:\Program Files\Intel\Intel(R) Management Engine Components\DAL;C:\Program Files (x86)\Intel\Intel(R) Management Engine Components\IPT;C:\Program Files\Intel\Intel(R) Management Engine Components\IPT;C:\Program Files (x86)\NVIDIA Corporation\PhysX\Common;C:\WINDOWS\system32;C:\WINDOWS;C:\WINDOWS\System32\Wbem;C:\WINDOWS\System32\WindowsPowerShell\v1.0\;C:\Program Files\Java\jdk1.8.0_131\bin;D:\Maven\apache-maven-3.6.0\bin;D:\svn\svnclient\bin;C:\WINDOWS\System32\OpenSSH\;D:\git\Git\cmd;C:\Users\LiWang\AppData\Local\Microsoft\WindowsApps;;.]
2019-07-27 09:10:09.540  INFO 18664 --- [localhost-startStop-1] o.a.c.c.C.[Tomcat].[localhost].[/]       : Initializing Spring embedded WebApplicationContext
2019-07-27 09:10:09.540  INFO 18664 --- [localhost-startStop-1] o.s.web.context.ContextLoader            : Root WebApplicationContext: initialization completed in 2684 ms
2019-07-27 09:10:09.651  INFO 18664 --- [localhost-startStop-1] o.s.b.w.servlet.ServletRegistrationBean  : Servlet dispatcherServlet mapped to [/]
2019-07-27 09:10:09.657  INFO 18664 --- [localhost-startStop-1] o.s.b.w.servlet.FilterRegistrationBean   : Mapping filter: 'characterEncodingFilter' to: [/*]
2019-07-27 09:10:09.657  INFO 18664 --- [localhost-startStop-1] o.s.b.w.servlet.FilterRegistrationBean   : Mapping filter: 'hiddenHttpMethodFilter' to: [/*]
2019-07-27 09:10:09.658  INFO 18664 --- [localhost-startStop-1] o.s.b.w.servlet.FilterRegistrationBean   : Mapping filter: 'httpPutFormContentFilter' to: [/*]
2019-07-27 09:10:09.658  INFO 18664 --- [localhost-startStop-1] o.s.b.w.servlet.FilterRegistrationBean   : Mapping filter: 'requestContextFilter' to: [/*]
2019-07-27 09:10:09.828  WARN 18664 --- [restartedMain] c.n.c.sources.URLConfigurationSource     : No URLs will be polled as dynamic configuration sources.
2019-07-27 09:10:09.828  INFO 18664 --- [restartedMain] c.n.c.sources.URLConfigurationSource     : To enable URLs as dynamic configuration sources, define System property archaius.configurationSource.additionalUrls or make config.properties available on classpath.
2019-07-27 09:10:09.836  WARN 18664 --- [restartedMain] c.n.c.sources.URLConfigurationSource     : No URLs will be polled as dynamic configuration sources.
2019-07-27 09:10:09.837  INFO 18664 --- [restartedMain] c.n.c.sources.URLConfigurationSource     : To enable URLs as dynamic configuration sources, define System property archaius.configurationSource.additionalUrls or make config.properties available on classpath.
2019-07-27 09:10:10.054  INFO 18664 --- [restartedMain] o.s.w.s.handler.SimpleUrlHandlerMapping  : Mapped URL path [/**/favicon.ico] onto handler of type [class org.springframework.web.servlet.resource.ResourceHttpRequestHandler]
2019-07-27 09:10:10.444  INFO 18664 --- [restartedMain] s.w.s.m.m.a.RequestMappingHandlerAdapter : Looking for @ControllerAdvice: org.springframework.boot.web.servlet.context.AnnotationConfigServletWebServerApplicationContext@59c6cd1c: startup date [Sat Jul 27 09:10:06 CST 2019]; parent: org.springframework.context.annotation.AnnotationConfigApplicationContext@462f3a0a
2019-07-27 09:10:10.515  INFO 18664 --- [restartedMain] s.w.s.m.m.a.RequestMappingHandlerMapping : Mapped "{[/cloudParkingApi/message/getMessage]}" onto public java.lang.Object com.dchip.cloudparking.controller.ApiConsumeController.getMessage(javax.servlet.http.HttpServletRequest)
2019-07-27 09:10:10.516  INFO 18664 --- [restartedMain] s.w.s.m.m.a.RequestMappingHandlerMapping : Mapped "{[/cloudParkingApi/parkingConcession/accept]}" onto public java.lang.Object com.dchip.cloudparking.controller.ApiConsumeController.accept(javax.servlet.http.HttpServletRequest)
2019-07-27 09:10:10.517  INFO 18664 --- [restartedMain] s.w.s.m.m.a.RequestMappingHandlerMapping : Mapped "{[/cloudParkingApi/parking/search]}" onto public java.lang.Object com.dchip.cloudparking.controller.ApiConsumeController.search(javax.servlet.http.HttpServletRequest)
2019-07-27 09:10:10.518  INFO 18664 --- [restartedMain] s.w.s.m.m.a.RequestMappingHandlerMapping : Mapped "{[/cloudParkingApi/user/loginOut]}" onto public java.lang.Object com.dchip.cloudparking.controller.ApiConsumeController.logOut(javax.servlet.http.HttpServletRequest)
2019-07-27 09:10:10.519  INFO 18664 --- [restartedMain] s.w.s.m.m.a.RequestMappingHandlerMapping : Mapped "{[/cloudParkingApi/appointment/cancel]}" onto public java.lang.Object com.dchip.cloudparking.controller.ApiConsumeController.cancel(javax.servlet.http.HttpServletRequest)
2019-07-27 09:10:10.519  INFO 18664 --- [restartedMain] s.w.s.m.m.a.RequestMappingHandlerMapping : Mapped "{[/cloudParkingApi/appointment/submit]}" onto public java.lang.Object com.dchip.cloudparking.controller.ApiConsumeController.appointmentSubmit(javax.servlet.http.HttpServletRequest)
2019-07-27 09:10:10.519  INFO 18664 --- [restartedMain] s.w.s.m.m.a.RequestMappingHandlerMapping : Mapped "{[/cloudParkingApi/user/sendVerificationCode]}" onto public java.lang.Object com.dchip.cloudparking.controller.ApiConsumeController.sendVerificationCode(javax.servlet.http.HttpServletRequest)
2019-07-27 09:10:10.520  INFO 18664 --- [restartedMain] s.w.s.m.m.a.RequestMappingHandlerMapping : Mapped "{[/cloudParkingApi/parking/getManagerPhone]}" onto public java.lang.Object com.dchip.cloudparking.controller.ApiConsumeController.findPhoneByParkingId(javax.servlet.http.HttpServletRequest)
2019-07-27 09:10:10.520  INFO 18664 --- [restartedMain] s.w.s.m.m.a.RequestMappingHandlerMapping : Mapped "{[/cloudParkingApi/blackList/getBlackUserInfo]}" onto public java.lang.Object com.dchip.cloudparking.controller.ApiConsumeController.findBlackUserInfoByUserId(javax.servlet.http.HttpServletRequest)
2019-07-27 09:10:10.521  INFO 18664 --- [restartedMain] s.w.s.m.m.a.RequestMappingHandlerMapping : Mapped "{[/cloudParkingApi/LicensePlat/validateLicensePlate]}" onto public java.lang.Object com.dchip.cloudparking.controller.ApiConsumeController.validateLicensePlate(javax.servlet.http.HttpServletRequest)
2019-07-27 09:10:10.521  INFO 18664 --- [restartedMain] s.w.s.m.m.a.RequestMappingHandlerMapping : Mapped "{[/cloudParkingApi/parking/findParkingByParkingId]}" onto public java.lang.Object com.dchip.cloudparking.controller.ApiConsumeController.findParkingByParkingId(javax.servlet.http.HttpServletRequest)
2019-07-27 09:10:10.522  INFO 18664 --- [restartedMain] s.w.s.m.m.a.RequestMappingHandlerMapping : Mapped "{[/cloudParkingApi/parking/scanToGeneratLicensePlate]}" onto public java.lang.Object com.dchip.cloudparking.controller.ApiConsumeController.scanToGeneratLicensePlate(javax.servlet.http.HttpServletRequest)
2019-07-27 09:10:10.522  INFO 18664 --- [restartedMain] s.w.s.m.m.a.RequestMappingHandlerMapping : Mapped "{[/cloudParkingApi/parkingInfo/getParkingInfoByUserId]}" onto public java.lang.Object com.dchip.cloudparking.controller.ApiConsumeController.getParkingInfoByUserId(javax.servlet.http.HttpServletRequest)
2019-07-27 09:10:10.522  INFO 18664 --- [restartedMain] s.w.s.m.m.a.RequestMappingHandlerMapping : Mapped "{[/cloudParkingApi/order/findOrderByUserIdAndPayTime]}" onto public java.lang.Object com.dchip.cloudparking.controller.ApiConsumeController.findOrderByUserIdAndPayTime(javax.servlet.http.HttpServletRequest)
2019-07-27 09:10:10.523  INFO 18664 --- [restartedMain] s.w.s.m.m.a.RequestMappingHandlerMapping : Mapped "{[/cloudParkingApi/parkingConcession/getAllPublishList]}" onto public java.lang.Object com.dchip.cloudparking.controller.ApiConsumeController.getAllPublishList(javax.servlet.http.HttpServletRequest)
2019-07-27 09:10:10.523  INFO 18664 --- [restartedMain] s.w.s.m.m.a.RequestMappingHandlerMapping : Mapped "{[/cloudParkingApi/parking/findNeighborhoodParking]}" onto public java.lang.Object com.dchip.cloudparking.controller.ApiConsumeController.findNeighborhoodParking(javax.servlet.http.HttpServletRequest)
2019-07-27 09:10:10.523  INFO 18664 --- [restartedMain] s.w.s.m.m.a.RequestMappingHandlerMapping : Mapped "{[/cloudParkingApi/order/findFeeByUserIdAndYear]}" onto public java.lang.Object com.dchip.cloudparking.controller.ApiConsumeController.findFeeByUserIdAndYear(javax.servlet.http.HttpServletRequest)
2019-07-27 09:10:10.524  INFO 18664 --- [restartedMain] s.w.s.m.m.a.RequestMappingHandlerMapping : Mapped "{[/cloudParkingApi/LicensePlat/findLicensePlate]}" onto public java.lang.Object com.dchip.cloudparking.controller.ApiConsumeController.findLicensePlateByUserId(javax.servlet.http.HttpServletRequest)
2019-07-27 09:10:10.524  INFO 18664 --- [restartedMain] s.w.s.m.m.a.RequestMappingHandlerMapping : Mapped "{[/cloudParkingApi/mainControl/uploadMainControlVersion]}" onto public java.lang.Object com.dchip.cloudparking.controller.ApiConsumeController.uploadMainControlVersion(javax.servlet.http.HttpServletRequest)
2019-07-27 09:10:10.524  INFO 18664 --- [restartedMain] s.w.s.m.m.a.RequestMappingHandlerMapping : Mapped "{[/cloudParkingApi/roadway/changeRoadwayOnline]}" onto public java.lang.Object com.dchip.cloudparking.controller.ApiConsumeController.changeRoadwayOnline(javax.servlet.http.HttpServletRequest)
2019-07-27 09:10:10.525  INFO 18664 --- [restartedMain] s.w.s.m.m.a.RequestMappingHandlerMapping : Mapped "{[/cloudParkingApi/merchant/getParkingList]}" onto public java.lang.Object com.dchip.cloudparking.controller.ApiConsumeController.merchantParkingList(javax.servlet.http.HttpServletRequest)
2019-07-27 09:10:10.525  INFO 18664 --- [restartedMain] s.w.s.m.m.a.RequestMappingHandlerMapping : Mapped "{[/cloudParkingApi/order/changeOrderStatus]}" onto public java.lang.Object com.dchip.cloudparking.controller.ApiConsumeController.changeOrderStatus(javax.servlet.http.HttpServletRequest)
2019-07-27 09:10:10.525  INFO 18664 --- [restartedMain] s.w.s.m.m.a.RequestMappingHandlerMapping : Mapped "{[/cloudParkingApi/user/getAuthenticationFlag]}" onto public java.lang.Object com.dchip.cloudparking.controller.ApiConsumeController.getAuthenticationFlag(javax.servlet.http.HttpServletRequest)
2019-07-27 09:10:10.526  INFO 18664 --- [restartedMain] s.w.s.m.m.a.RequestMappingHandlerMapping : Mapped "{[/cloudParkingApi/mainControl/uploadMainControl]}" onto public java.lang.Object com.dchip.cloudparking.controller.ApiConsumeController.uploadMainControl(javax.servlet.http.HttpServletRequest)
2019-07-27 09:10:10.526  INFO 18664 --- [restartedMain] s.w.s.m.m.a.RequestMappingHandlerMapping : Mapped "{[/cloudParkingApi/parkingInfo/getParkingInfoByParkingId]}" onto public java.lang.Object com.dchip.cloudparking.controller.ApiConsumeController.getAllParkingInfo(javax.servlet.http.HttpServletRequest)
2019-07-27 09:10:10.526  INFO 18664 --- [restartedMain] s.w.s.m.m.a.RequestMappingHandlerMapping : Mapped "{[/cloudParkingApi/parkingConcession/delMsg]}" onto public java.lang.Object com.dchip.cloudparking.controller.ApiConsumeController.parkingConcessionDelMsg(javax.servlet.http.HttpServletRequest)
2019-07-27 09:10:10.527  INFO 18664 --- [restartedMain] s.w.s.m.m.a.RequestMappingHandlerMapping : Mapped "{[/cloudParkingApi/appointment/getUserAppointmentInfo]}" onto public java.lang.Object com.dchip.cloudparking.controller.ApiConsumeController.getUserAppointmentInfo(javax.servlet.http.HttpServletRequest)
2019-07-27 09:10:10.527  INFO 18664 --- [restartedMain] s.w.s.m.m.a.RequestMappingHandlerMapping : Mapped "{[/cloudParkingApi/rechargeLog/getMoneyByRechargeDate]}" onto public java.lang.Object com.dchip.cloudparking.controller.ApiConsumeController.getAmountByCreateTime(javax.servlet.http.HttpServletRequest)
2019-07-27 09:10:10.528  INFO 18664 --- [restartedMain] s.w.s.m.m.a.RequestMappingHandlerMapping : Mapped "{[/cloudParkingApi/parkingConcession/search]}" onto public java.lang.Object com.dchip.cloudparking.controller.ApiConsumeController.parkingConcessionSearch(javax.servlet.http.HttpServletRequest)
2019-07-27 09:10:10.529  INFO 18664 --- [restartedMain] s.w.s.m.m.a.RequestMappingHandlerMapping : Mapped "{[/cloudParkingApi/groundLock/controlGroundLock]}" onto public java.lang.Object com.dchip.cloudparking.controller.ApiConsumeController.controlGroundLock(javax.servlet.http.HttpServletRequest)
2019-07-27 09:10:10.530  INFO 18664 --- [restartedMain] s.w.s.m.m.a.RequestMappingHandlerMapping : Mapped "{[/cloudParkingApi/userParking/getInfo]}" onto public java.lang.Object com.dchip.cloudparking.controller.ApiConsumeController.findMonthlyCardAndParkingInfo(javax.servlet.http.HttpServletRequest)
2019-07-27 09:10:10.530  INFO 18664 --- [restartedMain] s.w.s.m.m.a.RequestMappingHandlerMapping : Mapped "{[/cloudParkingApi/order/getOrderDetail]}" onto public java.lang.Object com.dchip.cloudparking.controller.ApiConsumeController.getOrderDetail(javax.servlet.http.HttpServletRequest)
2019-07-27 09:10:10.530  INFO 18664 --- [restartedMain] s.w.s.m.m.a.RequestMappingHandlerMapping : Mapped "{[/cloudParkingApi/user/getTotalScore]}" onto public java.lang.Object com.dchip.cloudparking.controller.ApiConsumeController.getTotalScore(javax.servlet.http.HttpServletRequest)
2019-07-27 09:10:10.531  INFO 18664 --- [restartedMain] s.w.s.m.m.a.RequestMappingHandlerMapping : Mapped "{[/cloudParkingApi/user/getScoreDetail]}" onto public java.lang.Object com.dchip.cloudparking.controller.ApiConsumeController.getScoreDetail(javax.servlet.http.HttpServletRequest)
2019-07-27 09:10:10.531  INFO 18664 --- [restartedMain] s.w.s.m.m.a.RequestMappingHandlerMapping : Mapped "{[/cloudParkingApi/order/getOrders]}" onto public java.lang.Object com.dchip.cloudparking.controller.ApiConsumeController.getOrders(javax.servlet.http.HttpServletRequest)
2019-07-27 09:10:10.531  INFO 18664 --- [restartedMain] s.w.s.m.m.a.RequestMappingHandlerMapping : Mapped "{[/cloudParkingApi/user/checkDiscounts]}" onto public java.lang.Object com.dchip.cloudparking.controller.ApiConsumeController.checkDiscounts(javax.servlet.http.HttpServletRequest)
2019-07-27 09:10:10.542  INFO 18664 --- [restartedMain] s.w.s.m.m.a.RequestMappingHandlerMapping : Mapped "{[/cloudParkingApi/payment/recharge]}" onto public java.lang.Object com.dchip.cloudparking.controller.ApiConsumeController.recharge(javax.servlet.http.HttpServletRequest)
2019-07-27 09:10:10.542  INFO 18664 --- [restartedMain] s.w.s.m.m.a.RequestMappingHandlerMapping : Mapped "{[/cloudParkingApi/parkingInfo/changeCarStatus]}" onto public java.lang.Object com.dchip.cloudparking.controller.ApiConsumeController.changeCarStatus(javax.servlet.http.HttpServletRequest)
2019-07-27 09:10:10.542  INFO 18664 --- [restartedMain] s.w.s.m.m.a.RequestMappingHandlerMapping : Mapped "{[/cloudParkingApi/userParking/renew]}" onto public java.lang.Object com.dchip.cloudparking.controller.ApiConsumeController.renewMonthlyCard(javax.servlet.http.HttpServletRequest)
2019-07-27 09:10:10.543  INFO 18664 --- [restartedMain] s.w.s.m.m.a.RequestMappingHandlerMapping : Mapped "{[/cloudParkingApi/parking/findParking]}" onto public java.lang.Object com.dchip.cloudparking.controller.ApiConsumeController.findParking(javax.servlet.http.HttpServletRequest)
2019-07-27 09:10:10.543  INFO 18664 --- [restartedMain] s.w.s.m.m.a.RequestMappingHandlerMapping : Mapped "{[/cloudParkingApi/payment/weixin_notify]}" onto public java.lang.Object com.dchip.cloudparking.controller.ApiConsumeController.weixin_notify(javax.servlet.http.HttpServletRequest,javax.servlet.http.HttpServletResponse)
2019-07-27 09:10:10.543  INFO 18664 --- [restartedMain] s.w.s.m.m.a.RequestMappingHandlerMapping : Mapped "{[/cloudParkingApi/message/changeToRead]}" onto public java.lang.Object com.dchip.cloudparking.controller.ApiConsumeController.changeToRead(javax.servlet.http.HttpServletRequest)
2019-07-27 09:10:10.543  INFO 18664 --- [restartedMain] s.w.s.m.m.a.RequestMappingHandlerMapping : Mapped "{[/cloudParkingApi/user/getUserGrade]}" onto public java.lang.Object com.dchip.cloudparking.controller.ApiConsumeController.getUserGrade(javax.servlet.http.HttpServletRequest)
2019-07-27 09:10:10.544  INFO 18664 --- [restartedMain] s.w.s.m.m.a.RequestMappingHandlerMapping : Mapped "{[/cloudParkingApi/parking/scanToSettlement]}" onto public java.lang.Object com.dchip.cloudparking.controller.ApiConsumeController.scanToSettlement(javax.servlet.http.HttpServletRequest)
2019-07-27 09:10:10.544  INFO 18664 --- [restartedMain] s.w.s.m.m.a.RequestMappingHandlerMapping : Mapped "{[/cloudParkingApi/payment/ali_notify]}" onto public java.lang.Object com.dchip.cloudparking.controller.ApiConsumeController.ali_notify(javax.servlet.http.HttpServletRequest,javax.servlet.http.HttpServletResponse)
2019-07-27 09:10:10.544  INFO 18664 --- [restartedMain] s.w.s.m.m.a.RequestMappingHandlerMapping : Mapped "{[/cloudParkingApi/memberRule/getRule]}" onto public com.dchip.cloudparking.utils.RetKit com.dchip.cloudparking.controller.ApiConsumeController.getRule(javax.servlet.http.HttpServletRequest)
2019-07-27 09:10:10.544  INFO 18664 --- [restartedMain] s.w.s.m.m.a.RequestMappingHandlerMapping : Mapped "{[/cloudParkingApi/order/findMonthOrder]}" onto public java.lang.Object com.dchip.cloudparking.controller.ApiConsumeController.findMonthOrder(javax.servlet.http.HttpServletRequest)
2019-07-27 09:10:10.545  INFO 18664 --- [restartedMain] s.w.s.m.m.a.RequestMappingHandlerMapping : Mapped "{[/cloudParkingApi/parkingInfo/parking]}" onto public java.lang.Object com.dchip.cloudparking.controller.ApiConsumeController.parkNumParkingIn(javax.servlet.http.HttpServletRequest)
2019-07-27 09:10:10.545  INFO 18664 --- [restartedMain] s.w.s.m.m.a.RequestMappingHandlerMapping : Mapped "{[/cloudParkingApi/rechargeLog/findRechargeLog]}" onto public java.lang.Object com.dchip.cloudparking.controller.ApiConsumeController.findRechargeLog(javax.servlet.http.HttpServletRequest)
2019-07-27 09:10:10.545  INFO 18664 --- [restartedMain] s.w.s.m.m.a.RequestMappingHandlerMapping : Mapped "{[/cloudParkingApi/rechargeCoupon/findRechargeCoupon]}" onto public java.lang.Object com.dchip.cloudparking.controller.ApiConsumeController.findInMoney(javax.servlet.http.HttpServletRequest)
2019-07-27 09:10:10.545  INFO 18664 --- [restartedMain] s.w.s.m.m.a.RequestMappingHandlerMapping : Mapped "{[/cloudParkingApi/help/aboutPoint]}" onto public java.lang.Object com.dchip.cloudparking.controller.ApiConsumeController.aboutPoint(javax.servlet.http.HttpServletRequest)
2019-07-27 09:10:10.546  INFO 18664 --- [restartedMain] s.w.s.m.m.a.RequestMappingHandlerMapping : Mapped "{[/cloudParkingApi/user/changePhone]}" onto public java.lang.Object com.dchip.cloudparking.controller.ApiConsumeController.changePhone(javax.servlet.http.HttpServletRequest)
2019-07-27 09:10:10.546  INFO 18664 --- [restartedMain] s.w.s.m.m.a.RequestMappingHandlerMapping : Mapped "{[/cloudParkingApi/user/getUserDetails]}" onto public java.lang.Object com.dchip.cloudparking.controller.ApiConsumeController.getUserDetails(javax.servlet.http.HttpServletRequest)
2019-07-27 09:10:10.546  INFO 18664 --- [restartedMain] s.w.s.m.m.a.RequestMappingHandlerMapping : Mapped "{[/cloudParkingApi/user/getBalance]}" onto public java.lang.Object com.dchip.cloudparking.controller.ApiConsumeController.getBalance(javax.servlet.http.HttpServletRequest)
2019-07-27 09:10:10.546  INFO 18664 --- [restartedMain] s.w.s.m.m.a.RequestMappingHandlerMapping : Mapped "{[/cloudParkingApi/hardware/changeCarportNum]}" onto public java.lang.Object com.dchip.cloudparking.controller.ApiConsumeController.changeCarportNum(javax.servlet.http.HttpServletRequest)
2019-07-27 09:10:10.547  INFO 18664 --- [restartedMain] s.w.s.m.m.a.RequestMappingHandlerMapping : Mapped "{[/cloudParkingApi/user/usePhoneLogin]}" onto public java.lang.Object com.dchip.cloudparking.controller.ApiConsumeController.usePhoneLogin(javax.servlet.http.HttpServletRequest)
2019-07-27 09:10:10.547  INFO 18664 --- [restartedMain] s.w.s.m.m.a.RequestMappingHandlerMapping : Mapped "{[/cloudParkingApi/hardware/getCameraInfo]}" onto public java.lang.Object com.dchip.cloudparking.controller.ApiConsumeController.getCameraInfo(javax.servlet.http.HttpServletRequest)
2019-07-27 09:10:10.547  INFO 18664 --- [restartedMain] s.w.s.m.m.a.RequestMappingHandlerMapping : Mapped "{[/cloudParkingApi/LicensePlat/getBindingInfo]}" onto public java.lang.Object com.dchip.cloudparking.controller.ApiConsumeController.getBindingInfo(javax.servlet.http.HttpServletRequest)
2019-07-27 09:10:10.548  INFO 18664 --- [restartedMain] s.w.s.m.m.a.RequestMappingHandlerMapping : Mapped "{[/cloudParkingApi/rechargeLog/findMonthMoney]}" onto public java.lang.Object com.dchip.cloudparking.controller.ApiConsumeController.findMonthAmount(javax.servlet.http.HttpServletRequest)
2019-07-27 09:10:10.548  INFO 18664 --- [restartedMain] s.w.s.m.m.a.RequestMappingHandlerMapping : Mapped "{[/cloudParkingApi/order/findMonthFee]}" onto public java.lang.Object com.dchip.cloudparking.controller.ApiConsumeController.findMonthFee(javax.servlet.http.HttpServletRequest)
2019-07-27 09:10:10.548  INFO 18664 --- [restartedMain] s.w.s.m.m.a.RequestMappingHandlerMapping : Mapped "{[/cloudParkingApi/appointment/getAppointments]}" onto public java.lang.Object com.dchip.cloudparking.controller.ApiConsumeController.getAppointments(javax.servlet.http.HttpServletRequest)
2019-07-27 09:10:10.549  INFO 18664 --- [restartedMain] s.w.s.m.m.a.RequestMappingHandlerMapping : Mapped "{[/cloudParkingApi/appointment/getFee]}" onto public java.lang.Object com.dchip.cloudparking.controller.ApiConsumeController.getFee(javax.servlet.http.HttpServletRequest)
2019-07-27 09:10:10.549  INFO 18664 --- [restartedMain] s.w.s.m.m.a.RequestMappingHandlerMapping : Mapped "{[/cloudParkingApi/LicensePlat/binding]}" onto public java.lang.Object com.dchip.cloudparking.controller.ApiConsumeController.binding(javax.servlet.http.HttpServletRequest)
2019-07-27 09:10:10.549  INFO 18664 --- [restartedMain] s.w.s.m.m.a.RequestMappingHandlerMapping : Mapped "{[/cloudParkingApi/roadway/getServerTime]}" onto public java.lang.Object com.dchip.cloudparking.controller.ApiConsumeController.getServerTime(javax.servlet.http.HttpServletRequest)
2019-07-27 09:10:10.549  INFO 18664 --- [restartedMain] s.w.s.m.m.a.RequestMappingHandlerMapping : Mapped "{[/cloudParkingApi/parkingConcession/cancel]}" onto public java.lang.Object com.dchip.cloudparking.controller.ApiConsumeController.cancelRent(javax.servlet.http.HttpServletRequest)
2019-07-27 09:10:10.550  INFO 18664 --- [restartedMain] s.w.s.m.m.a.RequestMappingHandlerMapping : Mapped "{[/cloudParkingApi/mainControl/latestVersion]}" onto public java.lang.Object com.dchip.cloudparking.controller.ApiConsumeController.latestVersion(javax.servlet.http.HttpServletRequest)
2019-07-27 09:10:10.550  INFO 18664 --- [restartedMain] s.w.s.m.m.a.RequestMappingHandlerMapping : Mapped "{[/cloudParkingApi/whiteList/addWhiteList]}" onto public java.lang.Object com.dchip.cloudparking.controller.ApiConsumeController.addWhiteList(javax.servlet.http.HttpServletRequest)
2019-07-27 09:10:10.550  INFO 18664 --- [restartedMain] s.w.s.m.m.a.RequestMappingHandlerMapping : Mapped "{[/cloudParkingApi/groundLock/reportStatus]}" onto public java.lang.Object com.dchip.cloudparking.controller.ApiConsumeController.reportStatus(javax.servlet.http.HttpServletRequest)
2019-07-27 09:10:10.550  INFO 18664 --- [restartedMain] s.w.s.m.m.a.RequestMappingHandlerMapping : Mapped "{[/cloudParkingApi/whiteList/getWhiteList]}" onto public java.lang.Object com.dchip.cloudparking.controller.ApiConsumeController.getWhiteList(javax.servlet.http.HttpServletRequest)
2019-07-27 09:10:10.550  INFO 18664 --- [restartedMain] s.w.s.m.m.a.RequestMappingHandlerMapping : Mapped "{[/cloudParkingApi/roadway/getRoadWayInfo]}" onto public java.lang.Object com.dchip.cloudparking.controller.ApiConsumeController.getRoadWayInfo(javax.servlet.http.HttpServletRequest)
2019-07-27 09:10:10.551  INFO 18664 --- [restartedMain] s.w.s.m.m.a.RequestMappingHandlerMapping : Mapped "{[/cloudParkingApi/whiteList/delWhiteList]}" onto public java.lang.Object com.dchip.cloudparking.controller.ApiConsumeController.delWhiteList(javax.servlet.http.HttpServletRequest)
2019-07-27 09:10:10.551  INFO 18664 --- [restartedMain] s.w.s.m.m.a.RequestMappingHandlerMapping : Mapped "{[/cloudParkingApi/deduction/bindDeduction]}" onto public java.lang.Object com.dchip.cloudparking.controller.ApiConsumeController.bindDeduction(javax.servlet.http.HttpServletRequest)
2019-07-27 09:10:10.552  INFO 18664 --- [restartedMain] s.w.s.m.m.a.RequestMappingHandlerMapping : Mapped "{[/cloudParkingApi/groundLock/checkStatus]}" onto public java.lang.Object com.dchip.cloudparking.controller.ApiConsumeController.checkStatus(javax.servlet.http.HttpServletRequest)
2019-07-27 09:10:10.552  INFO 18664 --- [restartedMain] s.w.s.m.m.a.RequestMappingHandlerMapping : Mapped "{[/cloudParkingApi/parkingConcession/getList]}" onto public java.lang.Object com.dchip.cloudparking.controller.ApiConsumeController.getPublishList(javax.servlet.http.HttpServletRequest)
2019-07-27 09:10:10.552  INFO 18664 --- [restartedMain] s.w.s.m.m.a.RequestMappingHandlerMapping : Mapped "{[/cloudParkingApi/merchant/loginIn]}" onto public java.lang.Object com.dchip.cloudparking.controller.ApiConsumeController.merchantLogin(javax.servlet.http.HttpServletRequest)
2019-07-27 09:10:10.552  INFO 18664 --- [restartedMain] s.w.s.m.m.a.RequestMappingHandlerMapping : Mapped "{[/cloudParkingApi/parkingConcession/publishMsg]}" onto public java.lang.Object com.dchip.cloudparking.controller.ApiConsumeController.publishMsg(javax.servlet.http.HttpServletRequest)
2019-07-27 09:10:10.553  INFO 18664 --- [restartedMain] s.w.s.m.m.a.RequestMappingHandlerMapping : Mapped "{[/cloudParkingApi/user/getCoupons]}" onto public java.lang.Object com.dchip.cloudparking.controller.ApiConsumeController.getCoupons(javax.servlet.http.HttpServletRequest)
2019-07-27 09:10:10.553  INFO 18664 --- [restartedMain] s.w.s.m.m.a.RequestMappingHandlerMapping : Mapped "{[/cloudParkingApi/help/getHelp]}" onto public java.lang.Object com.dchip.cloudparking.controller.ApiConsumeController.getHelp(javax.servlet.http.HttpServletRequest)
2019-07-27 09:10:10.553  INFO 18664 --- [restartedMain] s.w.s.m.m.a.RequestMappingHandlerMapping : Mapped "{[/cloudParkingApi/deduction/getList]}" onto public java.lang.Object com.dchip.cloudparking.controller.ApiConsumeController.deductionList(javax.servlet.http.HttpServletRequest)
2019-07-27 09:10:10.553  INFO 18664 --- [restartedMain] s.w.s.m.m.a.RequestMappingHandlerMapping : Mapped "{[/cloudParkingApi/groundLock/findGroundLockInfo]}" onto public java.lang.Object com.dchip.cloudparking.controller.ApiConsumeController.findGroundLockInfo(javax.servlet.http.HttpServletRequest)
2019-07-27 09:10:10.554  INFO 18664 --- [restartedMain] s.w.s.m.m.a.RequestMappingHandlerMapping : Mapped "{[/cloudParkingApi/user/bindActivityCoupon]}" onto public java.lang.Object com.dchip.cloudparking.controller.ApiConsumeController.bindActivityCoupon(javax.servlet.http.HttpServletRequest)
2019-07-27 09:10:10.554  INFO 18664 --- [restartedMain] s.w.s.m.m.a.RequestMappingHandlerMapping : Mapped "{[/cloudParkingApi/groundLock/studyCommond]}" onto public java.lang.Object com.dchip.cloudparking.controller.ApiConsumeController.OpenAndCloseCommand(javax.servlet.http.HttpServletRequest,java.lang.String)
2019-07-27 09:10:10.554  INFO 18664 --- [restartedMain] s.w.s.m.m.a.RequestMappingHandlerMapping : Mapped "{[/cloudParkingApi/user/getActivityCoupons]}" onto public java.lang.Object com.dchip.cloudparking.controller.ApiConsumeController.getActivityCoupons(javax.servlet.http.HttpServletRequest)
2019-07-27 09:10:10.554  INFO 18664 --- [restartedMain] s.w.s.m.m.a.RequestMappingHandlerMapping : Mapped "{[/cloudParkingApi/parkingInfo/getParkingInfoList]}" onto public java.lang.Object com.dchip.cloudparking.controller.ApiConsumeController.getParkingInfoList(javax.servlet.http.HttpServletRequest)
2019-07-27 09:10:10.555  INFO 18664 --- [restartedMain] s.w.s.m.m.a.RequestMappingHandlerMapping : Mapped "{[/test]}" onto public java.lang.String com.dchip.cloudparking.controller.TestController.test(java.lang.String)
2019-07-27 09:10:10.555  INFO 18664 --- [restartedMain] s.w.s.m.m.a.RequestMappingHandlerMapping : Mapped "{[/webTest]}" onto public java.lang.String com.dchip.cloudparking.controller.TestController.test()
2019-07-27 09:10:10.556  INFO 18664 --- [restartedMain] s.w.s.m.m.a.RequestMappingHandlerMapping : Mapped "{[/cloudParkingWeb/login]}" onto public java.lang.String com.dchip.cloudparking.controller.WebConsumeController.sendVerificationCode(javax.servlet.http.HttpServletRequest)
2019-07-27 09:10:10.556  INFO 18664 --- [restartedMain] s.w.s.m.m.a.RequestMappingHandlerMapping : Mapped "{[/websocket/socketController/sendMessage]}" onto public java.lang.Object com.dchip.cloudparking.controller.WebSocketController.sendVerificationCode(javax.servlet.http.HttpServletRequest)
2019-07-27 09:10:10.557  INFO 18664 --- [restartedMain] s.w.s.m.m.a.RequestMappingHandlerMapping : Mapped "{[/websocket/socketController/sendGroundLockMessage]}" onto public java.lang.Object com.dchip.cloudparking.controller.WebSocketController.sendGroundLockMessage(javax.servlet.http.HttpServletRequest)
2019-07-27 09:10:10.559  INFO 18664 --- [restartedMain] s.w.s.m.m.a.RequestMappingHandlerMapping : Mapped "{[/cloudParkingWechat/scanCodeCallBack]}" onto public void com.dchip.cloudparking.controller.WechatConsumeController.scanCodeCallBack(javax.servlet.http.HttpServletRequest,javax.servlet.http.HttpServletResponse) throws org.apache.http.client.ClientProtocolException,java.io.IOException
2019-07-27 09:10:10.559  INFO 18664 --- [restartedMain] s.w.s.m.m.a.RequestMappingHandlerMapping : Mapped "{[/cloudParkingWechat/unlicensedOut]}" onto public java.lang.String com.dchip.cloudparking.controller.WechatConsumeController.unlicensedOut(javax.servlet.http.HttpServletRequest,javax.servlet.http.HttpServletResponse)
2019-07-27 09:10:10.559  INFO 18664 --- [restartedMain] s.w.s.m.m.a.RequestMappingHandlerMapping : Mapped "{[/cloudParkingWechat/payment/delPayLog]}" onto public java.lang.Object com.dchip.cloudparking.controller.WechatConsumeController.delPayLog(javax.servlet.http.HttpServletRequest,javax.servlet.http.HttpServletResponse)
2019-07-27 09:10:10.560  INFO 18664 --- [restartedMain] s.w.s.m.m.a.RequestMappingHandlerMapping : Mapped "{[/cloudParkingWechat/haveACardPayPage]}" onto public java.lang.String com.dchip.cloudparking.controller.WechatConsumeController.haveACardPayPage(javax.servlet.http.HttpServletRequest,javax.servlet.http.HttpServletResponse)
2019-07-27 09:10:10.560  INFO 18664 --- [restartedMain] s.w.s.m.m.a.RequestMappingHandlerMapping : Mapped "{[/cloudParkingWechat/alipayUserAccredit]}" onto public void com.dchip.cloudparking.controller.WechatConsumeController.useAlipayLogin(javax.servlet.http.HttpServletRequest,javax.servlet.http.HttpServletResponse) throws java.io.IOException
2019-07-27 09:10:10.560  INFO 18664 --- [restartedMain] s.w.s.m.m.a.RequestMappingHandlerMapping : Mapped "{[/cloudParkingWechat/showHomeIndex]}" onto public java.lang.String com.dchip.cloudparking.controller.WechatConsumeController.showHomeIndex(javax.servlet.http.HttpServletRequest,javax.servlet.http.HttpServletResponse)
2019-07-27 09:10:10.561  INFO 18664 --- [restartedMain] s.w.s.m.m.a.RequestMappingHandlerMapping : Mapped "{[/cloudParkingWechat/scanCodeCheckout]}" onto public void com.dchip.cloudparking.controller.WechatConsumeController.scanCodeCheckout(javax.servlet.http.HttpServletRequest,javax.servlet.http.HttpServletResponse) throws java.io.IOException
2019-07-27 09:10:10.561  INFO 18664 --- [restartedMain] s.w.s.m.m.a.RequestMappingHandlerMapping : Mapped "{[/cloudParkingWechat/userAccredit]}" onto public void com.dchip.cloudparking.controller.WechatConsumeController.useWechatLogin(javax.servlet.http.HttpServletRequest,javax.servlet.http.HttpServletResponse) throws java.io.IOException
2019-07-27 09:10:10.561  INFO 18664 --- [restartedMain] s.w.s.m.m.a.RequestMappingHandlerMapping : Mapped "{[/cloudParkingWechat/setLinkUrl]}" onto public void com.dchip.cloudparking.controller.WechatConsumeController.setLinkUrl(javax.servlet.http.HttpServletRequest)
2019-07-27 09:10:10.562  INFO 18664 --- [restartedMain] s.w.s.m.m.a.RequestMappingHandlerMapping : Mapped "{[/cloudParkingWechat/payment/notify]}" onto public java.lang.Object com.dchip.cloudparking.controller.WechatConsumeController.payCallback(javax.servlet.http.HttpServletRequest,javax.servlet.http.HttpServletResponse) throws java.io.IOException
2019-07-27 09:10:10.562  INFO 18664 --- [restartedMain] s.w.s.m.m.a.RequestMappingHandlerMapping : Mapped "{[/cloudParkingWechat/rechoningOpearte]}" onto public java.lang.Object com.dchip.cloudparking.controller.WechatConsumeController.rechoningOpearte(javax.servlet.http.HttpServletRequest,javax.servlet.http.HttpServletResponse)
2019-07-27 09:10:10.563  INFO 18664 --- [restartedMain] s.w.s.m.m.a.RequestMappingHandlerMapping : Mapped "{[/cloudParkingWechat/getLinkUrl]}" onto public java.lang.String com.dchip.cloudparking.controller.WechatConsumeController.getLinkUrl(javax.servlet.http.HttpServletRequest)
2019-07-27 09:10:10.563  INFO 18664 --- [restartedMain] s.w.s.m.m.a.RequestMappingHandlerMapping : Mapped "{[/cloudParkingWechat/accreditCallBack]}" onto public void com.dchip.cloudparking.controller.WechatConsumeController.accreditCallBack(javax.servlet.http.HttpServletRequest,javax.servlet.http.HttpServletResponse) throws org.apache.http.client.ClientProtocolException,java.io.IOException
2019-07-27 09:10:10.563  INFO 18664 --- [restartedMain] s.w.s.m.m.a.RequestMappingHandlerMapping : Mapped "{[/cloudParkingWechat/payment/openBrake]}" onto public java.lang.Object com.dchip.cloudparking.controller.WechatConsumeController.openBrake(javax.servlet.http.HttpServletRequest,javax.servlet.http.HttpServletResponse)
2019-07-27 09:10:10.564  INFO 18664 --- [restartedMain] s.w.s.m.m.a.RequestMappingHandlerMapping : Mapped "{[/cloudParkingWechat/unlicensedEntry]}" onto public java.lang.String com.dchip.cloudparking.controller.WechatConsumeController.unlicensedEntry(javax.servlet.http.HttpServletRequest,javax.servlet.http.HttpServletResponse)
2019-07-27 09:10:10.564  INFO 18664 --- [restartedMain] s.w.s.m.m.a.RequestMappingHandlerMapping : Mapped "{[/cloudParkingWechat/payment/jspay]}" onto public java.lang.Object com.dchip.cloudparking.controller.WechatConsumeController.pay(javax.servlet.http.HttpServletRequest,javax.servlet.http.HttpServletResponse)
2019-07-27 09:10:10.564  INFO 18664 --- [restartedMain] s.w.s.m.m.a.RequestMappingHandlerMapping : Mapped "{[/cloudParkingWechat/selectPaymentMethod]}" onto public java.lang.String com.dchip.cloudparking.controller.WechatConsumeController.selectPaymentMethod(javax.servlet.http.HttpServletRequest,javax.servlet.http.HttpServletResponse)
2019-07-27 09:10:10.565  INFO 18664 --- [restartedMain] s.w.s.m.m.a.RequestMappingHandlerMapping : Mapped "{[/cloudParkingWechat/alipayOpenByLicensePlate]}" onto public java.lang.String com.dchip.cloudparking.controller.WechatConsumeController.alipayOpenByLicensePlate(javax.servlet.http.HttpServletRequest,javax.servlet.http.HttpServletResponse)
2019-07-27 09:10:10.565  INFO 18664 --- [restartedMain] s.w.s.m.m.a.RequestMappingHandlerMapping : Mapped "{[/cloudParkingWechat/openByLicensePlate]}" onto public java.lang.String com.dchip.cloudparking.controller.WechatConsumeController.openByLicensePlate(javax.servlet.http.HttpServletRequest,javax.servlet.http.HttpServletResponse)
2019-07-27 09:10:10.567  INFO 18664 --- [restartedMain] s.w.s.m.m.a.RequestMappingHandlerMapping : Mapped "{[/error]}" onto public org.springframework.http.ResponseEntity<java.util.Map<java.lang.String, java.lang.Object>> org.springframework.boot.autoconfigure.web.servlet.error.BasicErrorController.error(javax.servlet.http.HttpServletRequest)
2019-07-27 09:10:10.567  INFO 18664 --- [restartedMain] s.w.s.m.m.a.RequestMappingHandlerMapping : Mapped "{[/error],produces=[text/html]}" onto public org.springframework.web.servlet.ModelAndView org.springframework.boot.autoconfigure.web.servlet.error.BasicErrorController.errorHtml(javax.servlet.http.HttpServletRequest,javax.servlet.http.HttpServletResponse)
2019-07-27 09:10:10.594  INFO 18664 --- [restartedMain] o.s.w.s.handler.SimpleUrlHandlerMapping  : Mapped URL path [/webjars/**] onto handler of type [class org.springframework.web.servlet.resource.ResourceHttpRequestHandler]
2019-07-27 09:10:10.594  INFO 18664 --- [restartedMain] o.s.w.s.handler.SimpleUrlHandlerMapping  : Mapped URL path [/**] onto handler of type [class org.springframework.web.servlet.resource.ResourceHttpRequestHandler]
2019-07-27 09:10:11.303  INFO 18664 --- [restartedMain] o.s.b.d.a.OptionalLiveReloadServer       : LiveReload server is running on port 35729
2019-07-27 09:10:13.071  INFO 18664 --- [restartedMain] o.s.j.e.a.AnnotationMBeanExporter        : Registering beans for JMX exposure on startup
2019-07-27 09:10:13.080  INFO 18664 --- [restartedMain] o.s.j.e.a.AnnotationMBeanExporter        : Bean with name 'refreshScope' has been autodetected for JMX exposure
2019-07-27 09:10:13.081  INFO 18664 --- [restartedMain] o.s.j.e.a.AnnotationMBeanExporter        : Bean with name 'configurationPropertiesRebinder' has been autodetected for JMX exposure
2019-07-27 09:10:13.081  INFO 18664 --- [restartedMain] o.s.j.e.a.AnnotationMBeanExporter        : Bean with name 'environmentManager' has been autodetected for JMX exposure
2019-07-27 09:10:13.084  INFO 18664 --- [restartedMain] o.s.j.e.a.AnnotationMBeanExporter        : Located managed bean 'environmentManager': registering with JMX server as MBean [org.springframework.cloud.context.environment:name=environmentManager,type=EnvironmentManager]
2019-07-27 09:10:13.099  INFO 18664 --- [restartedMain] o.s.j.e.a.AnnotationMBeanExporter        : Located managed bean 'refreshScope': registering with JMX server as MBean [org.springframework.cloud.context.scope.refresh:name=refreshScope,type=RefreshScope]
2019-07-27 09:10:13.131  INFO 18664 --- [restartedMain] o.s.j.e.a.AnnotationMBeanExporter        : Located managed bean 'configurationPropertiesRebinder': registering with JMX server as MBean [org.springframework.cloud.context.properties:name=configurationPropertiesRebinder,context=59c6cd1c,type=ConfigurationPropertiesRebinder]
2019-07-27 09:10:13.142  INFO 18664 --- [restartedMain] o.s.c.support.DefaultLifecycleProcessor  : Starting beans in phase 0
2019-07-27 09:10:13.154  INFO 18664 --- [restartedMain] o.s.c.n.eureka.InstanceInfoFactory       : Setting initial instance status as: STARTING
2019-07-27 09:10:13.270  INFO 18664 --- [restartedMain] com.netflix.discovery.DiscoveryClient    : Initializing Eureka in region us-east-1
2019-07-27 09:10:14.914  INFO 18664 --- [restartedMain] c.n.d.provider.DiscoveryJerseyProvider   : Using JSON encoding codec LegacyJacksonJson
2019-07-27 09:10:14.915  INFO 18664 --- [restartedMain] c.n.d.provider.DiscoveryJerseyProvider   : Using JSON decoding codec LegacyJacksonJson
2019-07-27 09:10:15.084  INFO 18664 --- [restartedMain] c.n.d.provider.DiscoveryJerseyProvider   : Using XML encoding codec XStreamXml
2019-07-27 09:10:15.085  INFO 18664 --- [restartedMain] c.n.d.provider.DiscoveryJerseyProvider   : Using XML decoding codec XStreamXml
2019-07-27 09:10:15.489  INFO 18664 --- [restartedMain] c.n.d.s.r.aws.ConfigClusterResolver      : Resolving eureka endpoints via configuration
2019-07-27 09:10:16.263  INFO 18664 --- [restartedMain] com.netflix.discovery.DiscoveryClient    : Disable delta property : false
2019-07-27 09:10:16.263  INFO 18664 --- [restartedMain] com.netflix.discovery.DiscoveryClient    : Single vip registry refresh property : null
2019-07-27 09:10:16.263  INFO 18664 --- [restartedMain] com.netflix.discovery.DiscoveryClient    : Force full registry fetch : false
2019-07-27 09:10:16.263  INFO 18664 --- [restartedMain] com.netflix.discovery.DiscoveryClient    : Application is null : false
2019-07-27 09:10:16.263  INFO 18664 --- [restartedMain] com.netflix.discovery.DiscoveryClient    : Registered Applications size is zero : true
2019-07-27 09:10:16.263  INFO 18664 --- [restartedMain] com.netflix.discovery.DiscoveryClient    : Application version is -1: true
2019-07-27 09:10:16.263  INFO 18664 --- [restartedMain] com.netflix.discovery.DiscoveryClient    : Getting all instance registry info from the eureka server
2019-07-27 09:10:17.811  INFO 18664 --- [restartedMain] com.netflix.discovery.DiscoveryClient    : The response status is 200
2019-07-27 09:10:17.813  INFO 18664 --- [restartedMain] com.netflix.discovery.DiscoveryClient    : Starting heartbeat executor: renew interval is: 30
2019-07-27 09:10:17.816  INFO 18664 --- [restartedMain] c.n.discovery.InstanceInfoReplicator     : InstanceInfoReplicator onDemand update allowed rate per min is 4
2019-07-27 09:10:17.821  INFO 18664 --- [restartedMain] com.netflix.discovery.DiscoveryClient    : Discovery Client initialized at timestamp 1564189817820 with initial instances count: 0
2019-07-27 09:10:17.826  INFO 18664 --- [restartedMain] o.s.c.n.e.s.EurekaServiceRegistry        : Registering application ribbon with eureka with status UP
2019-07-27 09:10:17.827  INFO 18664 --- [restartedMain] com.netflix.discovery.DiscoveryClient    : Saw local status change event StatusChangeEvent [timestamp=1564189817827, current=UP, previous=STARTING]
2019-07-27 09:10:17.835  INFO 18664 --- [DiscoveryClient-InstanceInfoReplicator-0] com.netflix.discovery.DiscoveryClient    : DiscoveryClient_RIBBON/127.0.0.1:ribbon:80: registering service...
2019-07-27 09:10:17.889  INFO 18664 --- [restartedMain] o.s.b.w.embedded.tomcat.TomcatWebServer  : Tomcat started on port(s): 80 (http) with context path ''
2019-07-27 09:10:17.890  INFO 18664 --- [restartedMain] .s.c.n.e.s.EurekaAutoServiceRegistration : Updating port to 80
2019-07-27 09:10:17.892  INFO 18664 --- [restartedMain] com.dchip.cloudparking.RibbonBoot        : Started RibbonBoot in 12.91 seconds (JVM running for 15.905)
2019-07-27 09:10:17.963  INFO 18664 --- [DiscoveryClient-InstanceInfoReplicator-0] com.netflix.discovery.DiscoveryClient    : DiscoveryClient_RIBBON/127.0.0.1:ribbon:80 - registration status: 204
2019-07-27 09:10:47.815  INFO 18664 --- [DiscoveryClient-CacheRefreshExecutor-0] com.netflix.discovery.DiscoveryClient    : Disable delta property : false
2019-07-27 09:10:47.815  INFO 18664 --- [DiscoveryClient-CacheRefreshExecutor-0] com.netflix.discovery.DiscoveryClient    : Single vip registry refresh property : null
2019-07-27 09:10:47.815  INFO 18664 --- [DiscoveryClient-CacheRefreshExecutor-0] com.netflix.discovery.DiscoveryClient    : Force full registry fetch : false
2019-07-27 09:10:47.815  INFO 18664 --- [DiscoveryClient-CacheRefreshExecutor-0] com.netflix.discovery.DiscoveryClient    : Application is null : false
2019-07-27 09:10:47.816  INFO 18664 --- [DiscoveryClient-CacheRefreshExecutor-0] com.netflix.discovery.DiscoveryClient    : Registered Applications size is zero : true
2019-07-27 09:10:47.816  INFO 18664 --- [DiscoveryClient-CacheRefreshExecutor-0] com.netflix.discovery.DiscoveryClient    : Application version is -1: false
2019-07-27 09:10:47.816  INFO 18664 --- [DiscoveryClient-CacheRefreshExecutor-0] com.netflix.discovery.DiscoveryClient    : Getting all instance registry info from the eureka server
2019-07-27 09:10:47.870  INFO 18664 --- [DiscoveryClient-CacheRefreshExecutor-0] com.netflix.discovery.DiscoveryClient    : The response status is 200
2019-07-27 09:15:16.265  INFO 18664 --- [AsyncResolver-bootstrap-executor-0] c.n.d.s.r.aws.ConfigClusterResolver      : Resolving eureka endpoints via configuration
2019-07-27 09:20:16.268  INFO 18664 --- [AsyncResolver-bootstrap-executor-0] c.n.d.s.r.aws.ConfigClusterResolver      : Resolving eureka endpoints via configuration
2019-07-27 09:25:16.270  INFO 18664 --- [AsyncResolver-bootstrap-executor-0] c.n.d.s.r.aws.ConfigClusterResolver      : Resolving eureka endpoints via configuration
2019-07-27 09:30:16.271  INFO 18664 --- [AsyncResolver-bootstrap-executor-0] c.n.d.s.r.aws.ConfigClusterResolver      : Resolving eureka endpoints via configuration
2019-07-27 09:35:16.274  INFO 18664 --- [AsyncResolver-bootstrap-executor-0] c.n.d.s.r.aws.ConfigClusterResolver      : Resolving eureka endpoints via configuration
2019-07-27 09:40:16.276  INFO 18664 --- [AsyncResolver-bootstrap-executor-0] c.n.d.s.r.aws.ConfigClusterResolver      : Resolving eureka endpoints via configuration
2019-07-27 09:45:16.277  INFO 18664 --- [AsyncResolver-bootstrap-executor-0] c.n.d.s.r.aws.ConfigClusterResolver      : Resolving eureka endpoints via configuration
2019-07-27 09:50:16.279  INFO 18664 --- [AsyncResolver-bootstrap-executor-0] c.n.d.s.r.aws.ConfigClusterResolver      : Resolving eureka endpoints via configuration
2019-07-27 09:55:16.281  INFO 18664 --- [AsyncResolver-bootstrap-executor-0] c.n.d.s.r.aws.ConfigClusterResolver      : Resolving eureka endpoints via configuration
2019-07-27 10:00:16.282  INFO 18664 --- [AsyncResolver-bootstrap-executor-0] c.n.d.s.r.aws.ConfigClusterResolver      : Resolving eureka endpoints via configuration
2019-07-27 10:05:16.285  INFO 18664 --- [AsyncResolver-bootstrap-executor-0] c.n.d.s.r.aws.ConfigClusterResolver      : Resolving eureka endpoints via configuration
2019-07-27 10:10:16.287  INFO 18664 --- [AsyncResolver-bootstrap-executor-0] c.n.d.s.r.aws.ConfigClusterResolver      : Resolving eureka endpoints via configuration
2019-07-27 10:15:16.289  INFO 18664 --- [AsyncResolver-bootstrap-executor-0] c.n.d.s.r.aws.ConfigClusterResolver      : Resolving eureka endpoints via configuration
2019-07-27 10:20:16.292  INFO 18664 --- [AsyncResolver-bootstrap-executor-0] c.n.d.s.r.aws.ConfigClusterResolver      : Resolving eureka endpoints via configuration
